<?xml version="1.0" encoding="UTF-8"?>
<!-- Generated by org.testng.reporters.JUnitReportReporter -->
<testsuite skipped="0" hostname="grv" name="Academy.validateNavigationBar" tests="1" failures="0" timestamp="2020-12-11T07:52:32 IST" time="0.300" errors="0">
  <testcase name="validateAppNavBar" time="0.300" classname="Academy.validateNavigationBar"/>
  <system-out/>
</testsuite> <!-- Academy.validateNavigationBar -->
