<?xml version="1.0" encoding="UTF-8"?>
<!-- Generated by org.testng.reporters.JUnitReportReporter -->
<testsuite skipped="0" hostname="grv" name="Academy.HomePage" tests="2" failures="0" timestamp="2020-12-17T17:52:43 IST" time="11.767" errors="0">
  <testcase name="basePageNavigation" time="8.756" classname="Academy.HomePage"/>
  <system-out/>
  <testcase name="basePageNavigation" time="3.011" classname="Academy.HomePage"/>
  <system-out/>
</testsuite> <!-- Academy.HomePage -->
