<?xml version="1.0" encoding="UTF-8"?>
<!-- Generated by org.testng.reporters.JUnitReportReporter -->
<testsuite skipped="0" hostname="grv" name="Academy.validateNavigationBar" tests="1" failures="0" timestamp="2020-12-18T15:34:18 IST" time="0.053" errors="0">
  <testcase name="validateAppNavBar" time="0.053" classname="Academy.validateNavigationBar"/>
</testsuite> <!-- Academy.validateNavigationBar -->
