<?xml version="1.0" encoding="UTF-8"?>
<!-- Generated by org.testng.reporters.JUnitReportReporter -->
<testsuite skipped="0" hostname="grv" name="Academy.HomePage" tests="2" failures="0" timestamp="2020-12-18T15:34:18 IST" time="10.241" errors="0">
  <testcase name="basePageNavigation" time="7.447" classname="Academy.HomePage"/>
  <testcase name="basePageNavigation" time="2.794" classname="Academy.HomePage"/>
</testsuite> <!-- Academy.HomePage -->
